INFO  10:10:47 Application started. Press Ctrl+C to shut down.
INFO  10:10:48 Application started. Press Ctrl+C to shut down.
INFO  10:10:48 Hosting environment: Development
INFO  10:10:48 Hosting environment: Development
INFO  10:10:48 Content root path: D:\mfrp-pension-management-system\AuthMicroserviceWebApp\AuthMicroserviceWebApp
INFO  10:10:48 Content root path: D:\mfrp-pension-management-system\AuthMicroserviceWebApp\AuthMicroserviceWebApp
INFO  10:19:15 Authentication initiated for admin
INFO  10:19:15 Token Generation initiated
INFO  10:23:48 Authentication initiated for admin
INFO  10:23:48 Token Generation initiated
INFO  10:47:51 Application started. Press Ctrl+C to shut down.
INFO  10:47:51 Application started. Press Ctrl+C to shut down.
INFO  10:47:51 Hosting environment: Development
INFO  10:47:51 Hosting environment: Development
INFO  10:47:51 Content root path: D:\mfrp-pension-management-system\AuthMicroserviceWebApp\AuthMicroserviceWebApp
INFO  10:47:51 Content root path: D:\mfrp-pension-management-system\AuthMicroserviceWebApp\AuthMicroserviceWebApp
INFO  10:51:56 Authentication initiated for admin
INFO  10:51:56 Token Generation initiated
INFO  10:53:54 Authentication initiated for admin
INFO  10:53:54 Token Generation initiated
INFO  11:01:52 Application started. Press Ctrl+C to shut down.
INFO  11:01:52 Application started. Press Ctrl+C to shut down.
INFO  11:01:52 Hosting environment: Development
INFO  11:01:52 Hosting environment: Development
INFO  11:01:52 Content root path: D:\mfrp-pension-management-system\AuthMicroserviceWebApp\AuthMicroserviceWebApp
INFO  11:01:52 Content root path: D:\mfrp-pension-management-system\AuthMicroserviceWebApp\AuthMicroserviceWebApp
INFO  11:02:34 Authentication initiated for admin
INFO  11:02:34 Token Generation initiated
INFO  11:09:10 Authentication initiated for admin
INFO  11:09:10 Token Generation initiated
INFO  11:12:19 Authentication initiated for admin
INFO  11:12:19 Token Generation initiated
INFO  11:16:07 Authentication initiated for admin
INFO  11:16:07 Token Generation initiated
INFO  11:19:38 Authentication initiated for admin
INFO  11:19:38 Token Generation initiated
INFO  11:44:36 Authentication initiated for admin
INFO  11:44:36 Token Generation initiated
INFO  11:54:48 Application started. Press Ctrl+C to shut down.
INFO  11:54:48 Application started. Press Ctrl+C to shut down.
INFO  11:54:48 Hosting environment: Development
INFO  11:54:48 Hosting environment: Development
INFO  11:54:48 Content root path: D:\mfrp-pension-management-system\AuthMicroserviceWebApp\AuthMicroserviceWebApp
INFO  11:54:48 Content root path: D:\mfrp-pension-management-system\AuthMicroserviceWebApp\AuthMicroserviceWebApp
INFO  11:55:01 Application started. Press Ctrl+C to shut down.
INFO  11:55:01 Application started. Press Ctrl+C to shut down.
INFO  11:55:01 Hosting environment: Development
INFO  11:55:01 Hosting environment: Development
INFO  11:55:01 Content root path: D:\mfrp-pension-management-system\AuthMicroserviceWebApp\AuthMicroserviceWebApp
INFO  11:55:01 Content root path: D:\mfrp-pension-management-system\AuthMicroserviceWebApp\AuthMicroserviceWebApp
INFO  11:56:08 Authentication initiated for admin
INFO  11:56:08 Token Generation initiated
INFO  12:00:46 Application started. Press Ctrl+C to shut down.
INFO  12:00:46 Application started. Press Ctrl+C to shut down.
INFO  12:00:46 Hosting environment: Development
INFO  12:00:46 Hosting environment: Development
INFO  12:00:46 Content root path: D:\mfrp-pension-management-system\AuthMicroserviceWebApp\AuthMicroserviceWebApp
INFO  12:00:46 Content root path: D:\mfrp-pension-management-system\AuthMicroserviceWebApp\AuthMicroserviceWebApp
INFO  12:07:57 Authentication initiated for admin
INFO  12:07:57 Token Generation initiated
INFO  12:10:20 Authentication initiated for admin
INFO  12:10:20 Token Generation initiated
INFO  12:18:56 Application started. Press Ctrl+C to shut down.
INFO  12:18:56 Application started. Press Ctrl+C to shut down.
INFO  12:18:56 Hosting environment: Development
INFO  12:18:56 Hosting environment: Development
INFO  12:18:56 Content root path: D:\mfrp-pension-management-system\AuthMicroserviceWebApp\AuthMicroserviceWebApp
INFO  12:18:56 Content root path: D:\mfrp-pension-management-system\AuthMicroserviceWebApp\AuthMicroserviceWebApp
INFO  12:20:29 Authentication initiated for admin
INFO  12:20:33 Token Generation initiated
INFO  12:22:39 Authentication initiated for admin
INFO  12:22:39 Token Generation initiated
INFO  12:56:36 Application started. Press Ctrl+C to shut down.
INFO  12:56:36 Application started. Press Ctrl+C to shut down.
INFO  12:56:36 Hosting environment: Development
INFO  12:56:36 Hosting environment: Development
INFO  12:56:36 Content root path: D:\mfrp-pension-management-system\AuthMicroserviceWebApp\AuthMicroserviceWebApp
INFO  12:56:36 Content root path: D:\mfrp-pension-management-system\AuthMicroserviceWebApp\AuthMicroserviceWebApp
INFO  12:57:30 Authentication initiated for admin
INFO  12:57:31 Token Generation initiated
INFO  01:03:07 Authentication initiated for admin
INFO  01:03:07 Token Generation initiated
INFO  01:03:39 Authentication initiated for admin
INFO  01:03:39 Token Generation initiated
INFO  01:07:05 Authentication initiated for admin
INFO  01:07:05 Token Generation initiated
INFO  01:08:56 Authentication initiated for admin
INFO  01:08:56 Token Generation initiated
INFO  01:12:39 Authentication initiated for admin
INFO  01:12:39 Token Generation initiated
INFO  01:15:02 Authentication initiated for admin
INFO  01:15:02 Token Generation initiated
INFO  01:17:23 Authentication initiated for admin
INFO  01:17:23 Token Generation initiated
INFO  01:52:24 Application started. Press Ctrl+C to shut down.
INFO  01:52:24 Application started. Press Ctrl+C to shut down.
INFO  01:52:24 Hosting environment: Development
INFO  01:52:24 Hosting environment: Development
INFO  01:52:24 Content root path: D:\mfrp-pension-management-system\AuthMicroserviceWebApp\AuthMicroserviceWebApp
INFO  01:52:24 Content root path: D:\mfrp-pension-management-system\AuthMicroserviceWebApp\AuthMicroserviceWebApp
INFO  01:57:34 Authentication initiated for admin
INFO  01:57:34 Token Generation initiated
INFO  03:32:52 Application started. Press Ctrl+C to shut down.
INFO  03:32:52 Application started. Press Ctrl+C to shut down.
INFO  03:32:53 Hosting environment: Development
INFO  03:32:53 Hosting environment: Development
INFO  03:32:53 Content root path: C:\Users\pavan kumar bachu\Desktop\mfrp-pension-management-system\mfrp-pension-management-system\AuthMicroserviceWebApp\AuthMicroserviceWebApp
INFO  03:32:53 Content root path: C:\Users\pavan kumar bachu\Desktop\mfrp-pension-management-system\mfrp-pension-management-system\AuthMicroserviceWebApp\AuthMicroserviceWebApp
INFO  03:42:36 Authentication initiated for admin
INFO  03:42:37 Token Generation initiated
